<?xml version="1.0" encoding="UTF-8"?>
<!-- Generated by org.testng.reporters.JUnitXMLReporter -->
<testsuite hostname="azstorageexp" name="ChromeTest" tests="5" failures="0" timestamp="17 Feb 2020 07:55:50 GMT" time="65.464" errors="0">
  <testcase name="registerFurniture" time="22.831" classname="com.bookmyfurniture.testcases.RegisterTest"/>
  <testcase name="Login" time="1.756" classname="com.bookmyfurniture.testcases.LoginTest"/>
  <testcase name="Logout" time="12.377" classname="com.bookmyfurniture.testcases.LoginTest"/>
  <testcase name="LoginWithWrongPassword" time="1.583" classname="com.bookmyfurniture.testcases.LoginTest"/>
  <testcase name="LoginWithoutEmailId" time="7.286" classname="com.bookmyfurniture.testcases.LoginTest"/>
</testsuite> <!-- ChromeTest -->
