<?xml version="1.0" encoding="UTF-8"?>
<!-- Generated by org.testng.reporters.JUnitXMLReporter -->
<testsuite hostname="azstorageexp" name="FirefoxTest" tests="5" failures="0" timestamp="17 Feb 2020 07:55:07 GMT" time="22.713" errors="0">
  <testcase name="@BeforeClass setDriver" time="0.0" classname="com.bookmyfurniture.testcases.RegisterTest">
    <failure type="java.lang.NullPointerException">
      <![CDATA[java.lang.NullPointerException
	at com.bookmyfurniture.testcases.TestClass.setDriver(TestClass.java:88)
	at java.util.concurrent.FutureTask.run(Unknown Source)
	at java.util.concurrent.ThreadPoolExecutor.runWorker(Unknown Source)
	at java.util.concurrent.ThreadPoolExecutor$Worker.run(Unknown Source)
	at java.lang.Thread.run(Unknown Source)
... Removed 16 stack frames]]>
    </failure>
  </testcase> <!-- @BeforeClass setDriver -->
  <testcase name="@BeforeClass initLog" time="0.0" classname="com.bookmyfurniture.testcases.RegisterTest">
    <skipped/>
  </testcase> <!-- @BeforeClass initLog -->
  <testcase name="@AfterMethod getResult" time="0.0" classname="com.bookmyfurniture.testcases.RegisterTest">
    <skipped/>
  </testcase> <!-- @AfterMethod getResult -->
  <testcase name="@AfterClass close" time="0.0" classname="com.bookmyfurniture.testcases.RegisterTest">
    <skipped/>
  </testcase> <!-- @AfterClass close -->
  <testcase name="@BeforeClass setDriver" time="0.0" classname="com.bookmyfurniture.testcases.LoginTest">
    <skipped/>
  </testcase> <!-- @BeforeClass setDriver -->
  <testcase name="@BeforeClass initLog" time="0.0" classname="com.bookmyfurniture.testcases.LoginTest">
    <skipped/>
  </testcase> <!-- @BeforeClass initLog -->
  <testcase name="@AfterMethod getResult" time="0.0" classname="com.bookmyfurniture.testcases.LoginTest">
    <skipped/>
  </testcase> <!-- @AfterMethod getResult -->
  <testcase name="@AfterMethod getResult" time="0.0" classname="com.bookmyfurniture.testcases.LoginTest">
    <skipped/>
  </testcase> <!-- @AfterMethod getResult -->
  <testcase name="@AfterMethod getResult" time="0.0" classname="com.bookmyfurniture.testcases.LoginTest">
    <skipped/>
  </testcase> <!-- @AfterMethod getResult -->
  <testcase name="@AfterMethod getResult" time="0.0" classname="com.bookmyfurniture.testcases.LoginTest">
    <skipped/>
  </testcase> <!-- @AfterMethod getResult -->
  <testcase name="@AfterClass close" time="0.0" classname="com.bookmyfurniture.testcases.LoginTest">
    <skipped/>
  </testcase> <!-- @AfterClass close -->
  <testcase name="registerFurniture" time="0.0" classname="com.bookmyfurniture.testcases.RegisterTest">
    <skipped/>
  </testcase> <!-- registerFurniture -->
  <testcase name="Login" time="0.016" classname="com.bookmyfurniture.testcases.LoginTest">
    <skipped/>
  </testcase> <!-- Login -->
  <testcase name="Logout" time="0.0" classname="com.bookmyfurniture.testcases.LoginTest">
    <skipped/>
  </testcase> <!-- Logout -->
  <testcase name="LoginWithWrongPassword" time="0.0" classname="com.bookmyfurniture.testcases.LoginTest">
    <skipped/>
  </testcase> <!-- LoginWithWrongPassword -->
  <testcase name="LoginWithoutEmailId" time="0.016" classname="com.bookmyfurniture.testcases.LoginTest">
    <skipped/>
  </testcase> <!-- LoginWithoutEmailId -->
</testsuite> <!-- FirefoxTest -->
