<?xml version="1.0" encoding="UTF-8"?>
<!-- Generated by org.testng.reporters.JUnitXMLReporter -->
<testsuite hostname="azstorageexp" name="Test" tests="5" failures="0" timestamp="17 Feb 2020 07:09:44 GMT" time="68.567" errors="0">
  <testcase name="registerFurniture" time="22.893" classname="com.bookmyfurniture.testcases.RegisterTest"/>
  <testcase name="Login" time="1.61" classname="com.bookmyfurniture.testcases.LoginTest"/>
  <testcase name="Logout" time="11.825" classname="com.bookmyfurniture.testcases.LoginTest"/>
  <testcase name="LoginWithWrongPassword" time="1.441" classname="com.bookmyfurniture.testcases.LoginTest"/>
  <testcase name="LoginWithoutEmailId" time="7.276" classname="com.bookmyfurniture.testcases.LoginTest"/>
</testsuite> <!-- Test -->
