<?xml version="1.0" encoding="UTF-8"?>
<testng-results skipped="0" failed="0" total="2" passed="2">
  <reporter-output>
  </reporter-output>
  <suite name="Suite" duration-ms="189778" started-at="2020-03-02T16:21:01Z" finished-at="2020-03-02T16:24:11Z">
    <groups>
      <group name="RegisterPositiveTest">
        <method signature="RegisterTest.registerFurniture()[pri:0, instance:com.bookmyfurniture.testcases.RegisterTest@dbf57b3]" name="registerFurniture" class="com.bookmyfurniture.testcases.RegisterTest"/>
      </group> <!-- RegisterPositiveTest -->
      <group name="LoginPositiveTest">
        <method signature="LoginTest.Login()[pri:0, instance:com.bookmyfurniture.testcases.LoginTest@74e52303]" name="Login" class="com.bookmyfurniture.testcases.LoginTest"/>
      </group> <!-- LoginPositiveTest -->
    </groups>
    <test name="ChromeTest" duration-ms="189778" started-at="2020-03-02T16:21:01Z" finished-at="2020-03-02T16:24:11Z">
      <class name="com.bookmyfurniture.testcases.RegisterTest">
        <test-method status="PASS" signature="setExtentReport()[pri:0, instance:com.bookmyfurniture.testcases.RegisterTest@dbf57b3]" name="setExtentReport" is-config="true" duration-ms="414" started-at="2020-03-02T16:21:01Z" finished-at="2020-03-02T16:21:01Z">
          <reporter-output>
          </reporter-output>
        </test-method> <!-- setExtentReport -->
        <test-method status="PASS" signature="setDriver(java.lang.String)[pri:0, instance:com.bookmyfurniture.testcases.RegisterTest@dbf57b3]" name="setDriver" is-config="true" duration-ms="7002" started-at="2020-03-02T16:21:01Z" finished-at="2020-03-02T16:21:08Z">
          <params>
            <param index="0">
              <value>
                <![CDATA[chrome]]>
              </value>
            </param>
          </params>
          <reporter-output>
          </reporter-output>
        </test-method> <!-- setDriver -->
        <test-method status="PASS" signature="initLog()[pri:0, instance:com.bookmyfurniture.testcases.RegisterTest@dbf57b3]" name="initLog" is-config="true" duration-ms="119368" started-at="2020-03-02T16:21:08Z" description="This method will pass the driver object to Register step class" finished-at="2020-03-02T16:23:07Z">
          <reporter-output>
          </reporter-output>
        </test-method> <!-- initLog -->
        <test-method status="PASS" signature="nameBefore(java.lang.reflect.Method)[pri:0, instance:com.bookmyfurniture.testcases.RegisterTest@dbf57b3]" name="nameBefore" is-config="true" duration-ms="1" started-at="2020-03-02T16:23:07Z" finished-at="2020-03-02T16:23:07Z">
          <params>
            <param index="0">
              <value>
                <![CDATA[public void com.bookmyfurniture.testcases.RegisterTest.registerFurniture()]]>
              </value>
            </param>
          </params>
          <reporter-output>
          </reporter-output>
        </test-method> <!-- nameBefore -->
        <test-method status="PASS" signature="registerFurniture()[pri:0, instance:com.bookmyfurniture.testcases.RegisterTest@dbf57b3]" name="registerFurniture" duration-ms="26973" started-at="2020-03-02T16:23:07Z" description="This test case will register a user sucessfully" finished-at="2020-03-02T16:23:34Z">
          <reporter-output>
          </reporter-output>
        </test-method> <!-- registerFurniture -->
        <test-method status="PASS" signature="getResult(org.testng.ITestResult)[pri:0, instance:com.bookmyfurniture.testcases.RegisterTest@dbf57b3]" name="getResult" is-config="true" duration-ms="31360" started-at="2020-03-02T16:23:34Z" finished-at="2020-03-02T16:24:06Z">
          <params>
            <param index="0">
              <value>
                <![CDATA[[TestResult name=registerFurniture status=SUCCESS method=RegisterTest.registerFurniture()[pri:0, instance:com.bookmyfurniture.testcases.RegisterTest@dbf57b3] output={null}]]]>
              </value>
            </param>
          </params>
          <reporter-output>
          </reporter-output>
        </test-method> <!-- getResult -->
        <test-method status="PASS" signature="close()[pri:0, instance:com.bookmyfurniture.testcases.RegisterTest@dbf57b3]" name="close" is-config="true" duration-ms="5054" started-at="2020-03-02T16:24:06Z" finished-at="2020-03-02T16:24:11Z">
          <reporter-output>
          </reporter-output>
        </test-method> <!-- close -->
        <test-method status="PASS" signature="destoryExtent()[pri:0, instance:com.bookmyfurniture.testcases.RegisterTest@dbf57b3]" name="destoryExtent" is-config="true" duration-ms="26687" started-at="2020-03-02T16:24:11Z" finished-at="2020-03-02T16:24:37Z">
          <reporter-output>
          </reporter-output>
        </test-method> <!-- destoryExtent -->
      </class> <!-- com.bookmyfurniture.testcases.RegisterTest -->
      <class name="com.bookmyfurniture.testcases.LoginTest">
        <test-method status="PASS" signature="setDriver(java.lang.String)[pri:0, instance:com.bookmyfurniture.testcases.LoginTest@74e52303]" name="setDriver" is-config="true" duration-ms="9240" started-at="2020-03-02T16:21:01Z" finished-at="2020-03-02T16:21:10Z">
          <params>
            <param index="0">
              <value>
                <![CDATA[chrome]]>
              </value>
            </param>
          </params>
          <reporter-output>
          </reporter-output>
        </test-method> <!-- setDriver -->
        <test-method status="PASS" signature="initLog()[pri:0, instance:com.bookmyfurniture.testcases.LoginTest@74e52303]" name="initLog" is-config="true" duration-ms="41" started-at="2020-03-02T16:21:10Z" description="This method will pass the driver object to Login step class" finished-at="2020-03-02T16:21:10Z">
          <reporter-output>
          </reporter-output>
        </test-method> <!-- initLog -->
        <test-method status="PASS" signature="Login()[pri:0, instance:com.bookmyfurniture.testcases.LoginTest@74e52303]" name="Login" duration-ms="2076" started-at="2020-03-02T16:21:10Z" description="This test case will login a user sucessfully" finished-at="2020-03-02T16:21:12Z">
          <reporter-output>
          </reporter-output>
        </test-method> <!-- Login -->
        <test-method status="PASS" signature="nameBefore(java.lang.reflect.Method)[pri:0, instance:com.bookmyfurniture.testcases.LoginTest@74e52303]" name="nameBefore" is-config="true" duration-ms="0" started-at="2020-03-02T16:21:10Z" finished-at="2020-03-02T16:21:10Z">
          <params>
            <param index="0">
              <value>
                <![CDATA[public void com.bookmyfurniture.testcases.LoginTest.Login()]]>
              </value>
            </param>
          </params>
          <reporter-output>
          </reporter-output>
        </test-method> <!-- nameBefore -->
        <test-method status="PASS" signature="getResult(org.testng.ITestResult)[pri:0, instance:com.bookmyfurniture.testcases.LoginTest@74e52303]" name="getResult" is-config="true" duration-ms="96533" started-at="2020-03-02T16:21:12Z" finished-at="2020-03-02T16:22:49Z">
          <params>
            <param index="0">
              <value>
                <![CDATA[[TestResult name=Login status=SUCCESS method=LoginTest.Login()[pri:0, instance:com.bookmyfurniture.testcases.LoginTest@74e52303] output={null}]]]>
              </value>
            </param>
          </params>
          <reporter-output>
          </reporter-output>
        </test-method> <!-- getResult -->
        <test-method status="PASS" signature="close()[pri:0, instance:com.bookmyfurniture.testcases.LoginTest@74e52303]" name="close" is-config="true" duration-ms="5060" started-at="2020-03-02T16:22:49Z" finished-at="2020-03-02T16:22:54Z">
          <reporter-output>
          </reporter-output>
        </test-method> <!-- close -->
      </class> <!-- com.bookmyfurniture.testcases.LoginTest -->
    </test> <!-- ChromeTest -->
  </suite> <!-- Suite -->
</testng-results>
