<?xml version="1.0" encoding="UTF-8"?>
<testng-results skipped="0" failed="0" total="1" passed="1">
  <reporter-output>
  </reporter-output>
  <suite name="Default suite" duration-ms="1653" started-at="2020-02-05T21:07:34Z" finished-at="2020-02-05T21:07:36Z">
    <groups>
    </groups>
    <test name="Default test" duration-ms="1653" started-at="2020-02-05T21:07:34Z" finished-at="2020-02-05T21:07:36Z">
      <class name="com.bookmyfurniture.utility.DBConnection">
        <test-method status="PASS" signature="verifyRegisteredUserDataInDb()[pri:0, instance:com.bookmyfurniture.utility.DBConnection@2d928643]" name="verifyRegisteredUserDataInDb" duration-ms="1640" started-at="2020-02-05T21:07:34Z" finished-at="2020-02-05T21:07:36Z">
          <reporter-output>
          </reporter-output>
        </test-method> <!-- verifyRegisteredUserDataInDb -->
      </class> <!-- com.bookmyfurniture.utility.DBConnection -->
    </test> <!-- Default test -->
  </suite> <!-- Default suite -->
</testng-results>
